2022-07-08 09:01:06,349 INFO:Added key: store_based_barrier_key:1 to store for rank: 0
2022-07-08 09:01:06,361 INFO:Rank 0: Completed store-based barrier for key:store_based_barrier_key:1 with 8 nodes.
2022-07-08 09:01:14,742 INFO:Model: resnet50
2022-07-08 09:01:14,742 INFO:Batch size: 32
2022-07-08 09:01:14,742 INFO:Number of GPUs: 8
2022-07-08 09:01:14,742 INFO:Running warmup...
2022-07-08 09:01:17,696 INFO:BatchIdx: 0 TrainLoss: 7.146406
2022-07-08 09:01:19,759 INFO:Running benchmark...
2022-07-08 09:01:19,965 INFO:BatchIdx: 10 TrainLoss: 5.880348
2022-07-08 09:01:21,868 INFO:Iter #0: 1214.5 img/sec GPU
2022-07-08 09:01:22,079 INFO:BatchIdx: 20 TrainLoss: 5.689480
2022-07-08 09:01:23,983 INFO:Iter #1: 1210.4 img/sec GPU
2022-07-08 09:01:24,196 INFO:BatchIdx: 30 TrainLoss: 5.603660
2022-07-08 09:01:26,100 INFO:Iter #2: 1210.2 img/sec GPU
2022-07-08 09:01:26,309 INFO:BatchIdx: 40 TrainLoss: 5.559726
2022-07-08 09:01:28,214 INFO:Iter #3: 1211.5 img/sec GPU
2022-07-08 09:01:28,424 INFO:BatchIdx: 50 TrainLoss: 5.535140
2022-07-08 09:01:30,341 INFO:Iter #4: 1203.8 img/sec GPU
2022-07-08 09:01:30,554 INFO:BatchIdx: 60 TrainLoss: 5.509103
2022-07-08 09:01:32,466 INFO:Iter #5: 1205.0 img/sec GPU
2022-07-08 09:01:32,678 INFO:BatchIdx: 70 TrainLoss: 5.507204
2022-07-08 09:01:34,582 INFO:Iter #6: 1210.5 img/sec GPU
2022-07-08 09:01:34,796 INFO:BatchIdx: 80 TrainLoss: 5.495334
2022-07-08 09:01:36,705 INFO:Iter #7: 1205.8 img/sec GPU
2022-07-08 09:01:36,917 INFO:BatchIdx: 90 TrainLoss: 5.476748
2022-07-08 09:01:38,827 INFO:Iter #8: 1207.3 img/sec GPU
2022-07-08 09:01:39,038 INFO:BatchIdx: 100 TrainLoss: 5.488671
2022-07-08 09:01:40,951 INFO:Iter #9: 1205.4 img/sec GPU
2022-07-08 09:01:40,952 INFO:Img/sec per GPU: 151.1 +-0.8
2022-07-08 09:01:40,952 INFO:Total img/sec on 8 GPU(s): 1208.5 +-6.4
*****************************************
Setting OMP_NUM_THREADS environment variable for each process to be 1 in default, to avoid your system being overloaded, please further tune the variable for optimal performance in your application as needed. 
*****************************************
